<?xml version="1.0" encoding="UTF-8"?>
<testsuite xmlns:xsi="http://www.w3.org/2001/XMLSchema-instance" xsi:noNamespaceSchemaLocation="https://maven.apache.org/surefire/maven-surefire-plugin/xsd/surefire-test-report-3.0.xsd" version="3.0" name="examples.ExamplesTest" time="3.568" tests="1" errors="0" skipped="0" failures="1">
  <properties>
[...]
</properties>
  <testcase name="testParallel" classname="examples.ExamplesTest" time="3.561">
    <failure message="status code was: 404, expected: 200, response time in milliseconds: 636, url: https://petstore.swagger.io/v2/pet/10, response: &#10;{&quot;code&quot;:1,&quot;type&quot;:&quot;error&quot;,&quot;message&quot;:&quot;Pet not found&quot;}&#10;classpath:examples/PetStore/get_pet.feature:10&#10;classpath:examples/PetStore/full_flow.feature:7&#10;match failed: EQUALS&#10;  $ | not equal (STRING:STRING)&#10;  &apos;doggie&apos;&#10;  &apos;Zeus&apos;&#10;&#10;classpath:examples/PetStore/get_pet.feature:12 ==&gt; expected: &lt;true&gt; but was: &lt;false&gt;" type="org.opentest4j.AssertionFailedError"><![CDATA[org.opentest4j.AssertionFailedError: 
status code was: 404, expected: 200, response time in milliseconds: 636, url: https://petstore.swagger.io/v2/pet/10, response: 
{"code":1,"type":"error","message":"Pet not found"}
classpath:examples/PetStore/get_pet.feature:10
classpath:examples/PetStore/full_flow.feature:7
match failed: EQUALS
  $ | not equal (STRING:STRING)
  'doggie'
  'Zeus'

classpath:examples/PetStore/get_pet.feature:12 ==> expected: <true> but was: <false>
	at org.junit.jupiter.api.AssertionFailureBuilder.build(AssertionFailureBuilder.java:151)
	at org.junit.jupiter.api.AssertionFailureBuilder.buildAndThrow(AssertionFailureBuilder.java:132)
	at org.junit.jupiter.api.AssertTrue.failNotTrue(AssertTrue.java:63)
	at org.junit.jupiter.api.AssertTrue.assertTrue(AssertTrue.java:36)
	at org.junit.jupiter.api.Assertions.assertTrue(Assertions.java:214)
	at examples.ExamplesTest.testParallel(ExamplesTest.java:24)
	at java.base/java.lang.reflect.Method.invoke(Method.java:580)
	at java.base/java.util.ArrayList.forEach(ArrayList.java:1596)
	at java.base/java.util.ArrayList.forEach(ArrayList.java:1596)
]]></failure>
    <system-out><![CDATA[13:45:03.765 [main] DEBUG com.intuit.karate.Suite - [config] classpath:karate-config.js
13:45:03.769 [main] DEBUG com.intuit.karate.Suite - waiting for 6 features to complete
13:45:04.216 [pool-2-thread-5] INFO  com.intuit.karate - karate.env system property was: null 
13:45:04.216 [pool-2-thread-3] INFO  com.intuit.karate - karate.env system property was: null 
13:45:04.216 [pool-2-thread-4] INFO  com.intuit.karate - karate.env system property was: null 
13:45:04.216 [pool-2-thread-2] INFO  com.intuit.karate - karate.env system property was: null 
13:45:04.216 [pool-2-thread-1] INFO  com.intuit.karate - karate.env system property was: null 
13:45:04.335 [pool-2-thread-4] DEBUG com.intuit.karate - request:
1 > GET https://petstore.swagger.io/v2/pet/10
1 > Host: petstore.swagger.io
1 > Connection: Keep-Alive
1 > User-Agent: Apache-HttpClient/4.5.14 (Java/21.0.7)
1 > Accept-Encoding: gzip,deflate


13:45:04.335 [pool-2-thread-2] DEBUG com.intuit.karate - request:
1 > DELETE https://petstore.swagger.io/v2/pet/10
1 > Host: petstore.swagger.io
1 > Connection: Keep-Alive
1 > User-Agent: Apache-HttpClient/4.5.14 (Java/21.0.7)
1 > Accept-Encoding: gzip,deflate


13:45:04.335 [pool-2-thread-5] DEBUG com.intuit.karate - request:
1 > PUT https://petstore.swagger.io/v2/pet
1 > Content-Type: application/json; charset=UTF-8
1 > Content-Length: 141
1 > Host: petstore.swagger.io
1 > Connection: Keep-Alive
1 > User-Agent: Apache-HttpClient/4.5.14 (Java/21.0.7)
1 > Accept-Encoding: gzip,deflate
{"id":10,"category":{"id":0,"name":"Dog"},"name":"ZeusActualizado","photoUrls":["string"],"tags":[{"id":0,"name":"mascota"}],"status":"sold"}

13:45:04.335 [pool-2-thread-3] DEBUG com.intuit.karate - request:
1 > POST https://petstore.swagger.io/v2/pet
1 > Content-Type: application/json; charset=UTF-8
1 > Content-Length: 135
1 > Host: petstore.swagger.io
1 > Connection: Keep-Alive
1 > User-Agent: Apache-HttpClient/4.5.14 (Java/21.0.7)
1 > Accept-Encoding: gzip,deflate
{"id":10,"category":{"id":0,"name":"Dog"},"name":"Zeus","photoUrls":["string"],"tags":[{"id":0,"name":"mascota"}],"status":"available"}

13:45:04.335 [pool-2-thread-1] DEBUG com.intuit.karate - request:
1 > POST https://petstore.swagger.io/v2/pet
1 > Content-Type: application/json; charset=UTF-8
1 > Content-Length: 135
1 > Host: petstore.swagger.io
1 > Connection: Keep-Alive
1 > User-Agent: Apache-HttpClient/4.5.14 (Java/21.0.7)
1 > Accept-Encoding: gzip,deflate
{"id":10,"category":{"id":0,"name":"Dog"},"name":"Zeus","photoUrls":["string"],"tags":[{"id":0,"name":"mascota"}],"status":"available"}

13:45:05.459 [pool-2-thread-4] DEBUG com.intuit.karate - response time in milliseconds: 1117
1 < 200
1 < Date: Tue, 13 May 2025 17:45:05 GMT
1 < Content-Type: application/json
1 < Transfer-Encoding: chunked
1 < Connection: keep-alive
1 < Access-Control-Allow-Origin: *
1 < Access-Control-Allow-Methods: GET, POST, DELETE, PUT
1 < Access-Control-Allow-Headers: Content-Type, api_key, Authorization
1 < Server: Jetty(9.2.9.v20150224)
{"id":10,"category":{"id":10,"name":"string"},"name":"doggie","photoUrls":["string"],"tags":[{"id":10,"name":"string"}],"status":"string"}

13:45:05.477 [pool-2-thread-4] ERROR com.intuit.karate - classpath:examples/PetStore/get_pet.feature:12
And match response.name == 'Zeus'
match failed: EQUALS
  $ | not equal (STRING:STRING)
  'doggie'
  'Zeus'

classpath:examples/PetStore/get_pet.feature:12
13:45:05.482 [pool-2-thread-4] INFO  com.intuit.karate - karate.env system property was: null 
13:45:05.484 [pool-2-thread-4] DEBUG com.intuit.karate - request:
1 > GET https://jsonplaceholder.typicode.com/users
1 > Host: jsonplaceholder.typicode.com
1 > Connection: Keep-Alive
1 > User-Agent: Apache-HttpClient/4.5.14 (Java/21.0.7)
1 > Accept-Encoding: gzip,deflate


13:45:05.638 [pool-2-thread-5] DEBUG com.intuit.karate - response time in milliseconds: 1303
1 < 200
1 < Date: Tue, 13 May 2025 17:45:05 GMT
1 < Content-Type: application/json
1 < Transfer-Encoding: chunked
1 < Connection: keep-alive
1 < Access-Control-Allow-Origin: *
1 < Access-Control-Allow-Methods: GET, POST, DELETE, PUT
1 < Access-Control-Allow-Headers: Content-Type, api_key, Authorization
1 < Server: Jetty(9.2.9.v20150224)
{"id":10,"category":{"id":0,"name":"Dog"},"name":"ZeusActualizado","photoUrls":["string"],"tags":[{"id":0,"name":"mascota"}],"status":"sold"}

13:45:05.642 [pool-2-thread-5] INFO  com.intuit.karate - karate.env system property was: null 
13:45:05.644 [pool-2-thread-5] DEBUG com.intuit.karate - request:
1 > POST https://jsonplaceholder.typicode.com/users
1 > Content-Type: application/json; charset=UTF-8
1 > Content-Length: 160
1 > Host: jsonplaceholder.typicode.com
1 > Connection: Keep-Alive
1 > User-Agent: Apache-HttpClient/4.5.14 (Java/21.0.7)
1 > Accept-Encoding: gzip,deflate
{"name":"Test User","username":"testuser","email":"test@user.com","address":{"street":"Has No Name","suite":"Apt. 123","city":"Electri","zipcode":"54321-6789"}}

13:45:05.648 [pool-2-thread-1] DEBUG com.intuit.karate - response time in milliseconds: 1312
1 < 200
1 < Date: Tue, 13 May 2025 17:45:05 GMT
1 < Content-Type: application/json
1 < Transfer-Encoding: chunked
1 < Connection: keep-alive
1 < Access-Control-Allow-Origin: *
1 < Access-Control-Allow-Methods: GET, POST, DELETE, PUT
1 < Access-Control-Allow-Headers: Content-Type, api_key, Authorization
1 < Server: Jetty(9.2.9.v20150224)
{"id":10,"category":{"id":0,"name":"Dog"},"name":"Zeus","photoUrls":["string"],"tags":[{"id":0,"name":"mascota"}],"status":"available"}

---------------------------------------------------------
feature: classpath:examples/PetStore/create_pet.feature
scenarios:  1 | passed:  1 | failed:  0 | time: 1.4184
---------------------------------------------------------

13:45:05.840 [pool-3-thread-1] INFO  com.intuit.karate.Suite - <<pass>> feature 1 of 6 (5 remaining) classpath:examples/PetStore/create_pet.feature
13:45:05.890 [pool-2-thread-3] DEBUG com.intuit.karate - response time in milliseconds: 1555
1 < 200
1 < Date: Tue, 13 May 2025 17:45:05 GMT
1 < Content-Type: application/json
1 < Transfer-Encoding: chunked
1 < Connection: keep-alive
1 < Access-Control-Allow-Origin: *
1 < Access-Control-Allow-Methods: GET, POST, DELETE, PUT
1 < Access-Control-Allow-Headers: Content-Type, api_key, Authorization
1 < Server: Jetty(9.2.9.v20150224)
{"id":10,"category":{"id":0,"name":"Dog"},"name":"Zeus","photoUrls":["string"],"tags":[{"id":0,"name":"mascota"}],"status":"available"}

13:45:05.896 [pool-2-thread-3] DEBUG com.intuit.karate - request:
1 > GET https://petstore.swagger.io/v2/pet/10
1 > Host: petstore.swagger.io
1 > Connection: Keep-Alive
1 > User-Agent: Apache-HttpClient/4.5.14 (Java/21.0.7)
1 > Accept-Encoding: gzip,deflate


13:45:05.925 [pool-2-thread-2] DEBUG com.intuit.karate - response time in milliseconds: 1590
1 < 200
1 < Date: Tue, 13 May 2025 17:45:05 GMT
1 < Content-Type: application/json
1 < Transfer-Encoding: chunked
1 < Connection: keep-alive
1 < Access-Control-Allow-Origin: *
1 < Access-Control-Allow-Methods: GET, POST, DELETE, PUT
1 < Access-Control-Allow-Headers: Content-Type, api_key, Authorization
1 < Server: Jetty(9.2.9.v20150224)
{"code":200,"type":"unknown","message":"10"}

13:45:05.926 [pool-2-thread-4] DEBUG com.intuit.karate - response time in milliseconds: 441
1 < 200
1 < Date: Tue, 13 May 2025 17:45:05 GMT
1 < Content-Type: application/json; charset=utf-8
1 < Transfer-Encoding: chunked
1 < Connection: keep-alive
1 < Server: cloudflare
1 < Cf-Ray: 93f3f7b43fcc64d3-GIG
1 < Report-To: {"group":"heroku-nel","max_age":3600,"endpoints":[{"url":"https://nel.heroku.com/reports?ts=1745352626&sid=e11707d5-02a7-43ef-b45e-2cf4d2036f7d&s=mZDFqu15epkGuQ4RWFnnKY91YYu0ENKXkBHl4hXAA70%3D"}]}
1 < Reporting-Endpoints: heroku-nel=https://nel.heroku.com/reports?ts=1745352626&sid=e11707d5-02a7-43ef-b45e-2cf4d2036f7d&s=mZDFqu15epkGuQ4RWFnnKY91YYu0ENKXkBHl4hXAA70%3D
1 < Nel: {"report_to":"heroku-nel","max_age":3600,"success_fraction":0.005,"failure_fraction":0.05,"response_headers":["Via"]}
1 < X-Powered-By: Express
1 < X-Ratelimit-Limit: 1000
1 < X-Ratelimit-Remaining: 999
1 < X-Ratelimit-Reset: 1745352673
1 < Vary: Origin, Accept-Encoding
1 < Access-Control-Allow-Credentials: true
1 < Cache-Control: max-age=43200
1 < Pragma: no-cache
1 < Expires: -1
1 < X-Content-Type-Options: nosniff
1 < Etag: W/"160d-1eMSsxeJRfnVLRBmYJSbCiJZ1qQ"
1 < Via: 1.1 vegur
1 < Age: 19666
1 < Cf-Cache-Status: HIT
1 < alt-svc: h3=":443"; ma=86400
1 < server-timing: cfL4;desc="?proto=TCP&rtt=56229&min_rtt=55608&rtt_var=22095&sent=5&recv=8&lost=0&retrans=0&sent_bytes=3112&recv_bytes=777&delivery_rate=60813&cwnd=228&unsent_bytes=0&cid=765ffd24067538ca&ts=95&x=0"
[
  {
    "id": 1,
    "name": "Leanne Graham",
    "username": "Bret",
    "email": "Sincere@april.biz",
    "address": {
      "street": "Kulas Light",
      "suite": "Apt. 556",
      "city": "Gwenborough",
      "zipcode": "92998-3874",
      "geo": {
        "lat": "-37.3159",
        "lng": "81.1496"
      }
    },
    "phone": "1-770-736-8031 x56442",
    "website": "hildegard.org",
    "company": {
      "name": "Romaguera-Crona",
      "catchPhrase": "Multi-layered client-server neural-net",
      "bs": "harness real-time e-markets"
    }
  },
  {
    "id": 2,
    "name": "Ervin Howell",
    "username": "Antonette",
    "email": "Shanna@melissa.tv",
    "address": {
      "street": "Victor Plains",
      "suite": "Suite 879",
      "city": "Wisokyburgh",
      "zipcode": "90566-7771",
      "geo": {
        "lat": "-43.9509",
        "lng": "-34.4618"
      }
    },
    "phone": "010-692-6593 x09125",
    "website": "anastasia.net",
    "company": {
      "name": "Deckow-Crist",
      "catchPhrase": "Proactive didactic contingency",
      "bs": "synergize scalable supply-chains"
    }
  },
  {
    "id": 3,
    "name": "Clementine Bauch",
    "username": "Samantha",
    "email": "Nathan@yesenia.net",
    "address": {
      "street": "Douglas Extension",
      "suite": "Suite 847",
      "city": "McKenziehaven",
      "zipcode": "59590-4157",
      "geo": {
        "lat": "-68.6102",
        "lng": "-47.0653"
      }
    },
    "phone": "1-463-123-4447",
    "website": "ramiro.info",
    "company": {
      "name": "Romaguera-Jacobson",
      "catchPhrase": "Face to face bifurcated interface",
      "bs": "e-enable strategic applications"
    }
  },
  {
    "id": 4,
    "name": "Patricia Lebsack",
    "username": "Karianne",
    "email": "Julianne.OConner@kory.org",
    "address": {
      "street": "Hoeger Mall",
      "suite": "Apt. 692",
      "city": "South Elvis",
      "zipcode": "53919-4257",
      "geo": {
        "lat": "29.4572",
        "lng": "-164.2990"
      }
    },
    "phone": "493-170-9623 x156",
    "website": "kale.biz",
    "company": {
      "name": "Robel-Corkery",
      "catchPhrase": "Multi-tiered zero tolerance productivity",
      "bs": "transition cutting-edge web services"
    }
  },
  {
    "id": 5,
    "name": "Chelsey Dietrich",
    "username": "Kamren",
    "email": "Lucio_Hettinger@annie.ca",
    "address": {
      "street": "Skiles Walks",
      "suite": "Suite 351",
      "city": "Roscoeview",
      "zipcode": "33263",
      "geo": {
        "lat": "-31.8129",
        "lng": "62.5342"
      }
    },
    "phone": "(254)954-1289",
    "website": "demarco.info",
    "company": {
      "name": "Keebler LLC",
      "catchPhrase": "User-centric fault-tolerant solution",
      "bs": "revolutionize end-to-end systems"
    }
  },
  {
    "id": 6,
    "name": "Mrs. Dennis Schulist",
    "username": "Leopoldo_Corkery",
    "email": "Karley_Dach@jasper.info",
    "address": {
      "street": "Norberto Crossing",
      "suite": "Apt. 950",
      "city": "South Christy",
      "zipcode": "23505-1337",
      "geo": {
        "lat": "-71.4197",
        "lng": "71.7478"
      }
    },
    "phone": "1-477-935-8478 x6430",
    "website": "ola.org",
    "company": {
      "name": "Considine-Lockman",
      "catchPhrase": "Synchronised bottom-line interface",
      "bs": "e-enable innovative applications"
    }
  },
  {
    "id": 7,
    "name": "Kurtis Weissnat",
    "username": "Elwyn.Skiles",
    "email": "Telly.Hoeger@billy.biz",
    "address": {
      "street": "Rex Trail",
      "suite": "Suite 280",
      "city": "Howemouth",
      "zipcode": "58804-1099",
      "geo": {
        "lat": "24.8918",
        "lng": "21.8984"
      }
    },
    "phone": "210.067.6132",
    "website": "elvis.io",
    "company": {
      "name": "Johns Group",
      "catchPhrase": "Configurable multimedia task-force",
      "bs": "generate enterprise e-tailers"
    }
  },
  {
    "id": 8,
    "name": "Nicholas Runolfsdottir V",
    "username": "Maxime_Nienow",
    "email": "Sherwood@rosamond.me",
    "address": {
      "street": "Ellsworth Summit",
      "suite": "Suite 729",
      "city": "Aliyaview",
      "zipcode": "45169",
      "geo": {
        "lat": "-14.3990",
        "lng": "-120.7677"
      }
    },
    "phone": "586.493.6943 x140",
    "website": "jacynthe.com",
    "company": {
      "name": "Abernathy Group",
      "catchPhrase": "Implemented secondary concept",
      "bs": "e-enable extensible e-tailers"
    }
  },
  {
    "id": 9,
    "name": "Glenna Reichert",
    "username": "Delphine",
    "email": "Chaim_McDermott@dana.io",
    "address": {
      "street": "Dayna Park",
      "suite": "Suite 449",
      "city": "Bartholomebury",
      "zipcode": "76495-3109",
      "geo": {
        "lat": "24.6463",
        "lng": "-168.8889"
      }
    },
    "phone": "(775)976-6794 x41206",
    "website": "conrad.com",
    "company": {
      "name": "Yost and Sons",
      "catchPhrase": "Switchable contextually-based project",
      "bs": "aggregate real-time technologies"
    }
  },
  {
    "id": 10,
    "name": "Clementina DuBuque",
    "username": "Moriah.Stanton",
    "email": "Rey.Padberg@karina.biz",
    "address": {
      "street": "Kattie Turnpike",
      "suite": "Suite 198",
      "city": "Lebsackbury",
      "zipcode": "31428-2261",
      "geo": {
        "lat": "-38.2386",
        "lng": "57.2232"
      }
    },
    "phone": "024-648-3804",
    "website": "ambrose.net",
    "company": {
      "name": "Hoeger LLC",
      "catchPhrase": "Centralized empowering task-force",
      "bs": "target end-to-end models"
    }
  }
]

13:45:05.928 [pool-2-thread-4] DEBUG com.intuit.karate - request:
2 > GET https://jsonplaceholder.typicode.com/users/1
2 > Host: jsonplaceholder.typicode.com
2 > Connection: Keep-Alive
2 > User-Agent: Apache-HttpClient/4.5.14 (Java/21.0.7)
2 > Accept-Encoding: gzip,deflate


---------------------------------------------------------
feature: classpath:examples/PetStore/delete_pet.feature
scenarios:  1 | passed:  1 | failed:  0 | time: 1.6951
---------------------------------------------------------

13:45:05.950 [pool-3-thread-1] INFO  com.intuit.karate.Suite - <<pass>> feature 2 of 6 (4 remaining) classpath:examples/PetStore/delete_pet.feature
13:45:06.291 [pool-2-thread-4] DEBUG com.intuit.karate - response time in milliseconds: 362
2 < 200
2 < Date: Tue, 13 May 2025 17:45:06 GMT
2 < Content-Type: application/json; charset=utf-8
2 < Transfer-Encoding: chunked
2 < Connection: keep-alive
2 < Cf-Ray: 93f3f7b5ce5cd81f-GIG
2 < Server: cloudflare
2 < Report-To: {"group":"heroku-nel","max_age":3600,"endpoints":[{"url":"https://nel.heroku.com/reports?ts=1747044488&sid=e11707d5-02a7-43ef-b45e-2cf4d2036f7d&s=7Bsspg1z%2FadjPYcc5oFpe9KG9vCgc977xilBQSVMPQs%3D"}]}
2 < Reporting-Endpoints: heroku-nel=https://nel.heroku.com/reports?ts=1747044488&sid=e11707d5-02a7-43ef-b45e-2cf4d2036f7d&s=7Bsspg1z%2FadjPYcc5oFpe9KG9vCgc977xilBQSVMPQs%3D
2 < Nel: {"report_to":"heroku-nel","max_age":3600,"success_fraction":0.005,"failure_fraction":0.05,"response_headers":["Via"]}
2 < X-Powered-By: Express
2 < X-Ratelimit-Limit: 1000
2 < X-Ratelimit-Remaining: 999
2 < X-Ratelimit-Reset: 1747044519
2 < Vary: Origin, Accept-Encoding
2 < Access-Control-Allow-Credentials: true
2 < Cache-Control: max-age=43200
2 < Pragma: no-cache
2 < Expires: -1
2 < X-Content-Type-Options: nosniff
2 < Etag: W/"1fd-+2Y3G3w049iSZtw5t1mzSnunngE"
2 < Via: 1.1 vegur
2 < Age: 22010
2 < Cf-Cache-Status: HIT
2 < alt-svc: h3=":443"; ma=86400
2 < server-timing: cfL4;desc="?proto=TCP&rtt=71112&min_rtt=69341&rtt_var=29546&sent=3&recv=7&lost=0&retrans=0&sent_bytes=219&recv_bytes=1034&delivery_rate=14703&cwnd=213&unsent_bytes=0&cid=3ebcdb37598a9a9b&ts=109&x=0"
{
  "id": 1,
  "name": "Leanne Graham",
  "username": "Bret",
  "email": "Sincere@april.biz",
  "address": {
    "street": "Kulas Light",
    "suite": "Apt. 556",
    "city": "Gwenborough",
    "zipcode": "92998-3874",
    "geo": {
      "lat": "-37.3159",
      "lng": "81.1496"
    }
  },
  "phone": "1-770-736-8031 x56442",
  "website": "hildegard.org",
  "company": {
    "name": "Romaguera-Crona",
    "catchPhrase": "Multi-layered client-server neural-net",
    "bs": "harness real-time e-markets"
  }
}

13:45:06.335 [pool-2-thread-5] DEBUG com.intuit.karate - response time in milliseconds: 690
1 < 201
1 < Date: Tue, 13 May 2025 17:45:06 GMT
1 < Content-Type: application/json; charset=utf-8
1 < Content-Length: 216
1 < Connection: keep-alive
1 < Server: cloudflare
1 < Cf-Ray: 93f3f7b60cf3018d-GRU
1 < Report-To: {"group":"heroku-nel","max_age":3600,"endpoints":[{"url":"https://nel.heroku.com/reports?ts=1747158306&sid=e11707d5-02a7-43ef-b45e-2cf4d2036f7d&s=1i6ep6Z%2BH4WyfgSQJlBLKKvBR2Lzgpbm4qtRUSAm%2FGE%3D"}]}
1 < Reporting-Endpoints: heroku-nel=https://nel.heroku.com/reports?ts=1747158306&sid=e11707d5-02a7-43ef-b45e-2cf4d2036f7d&s=1i6ep6Z%2BH4WyfgSQJlBLKKvBR2Lzgpbm4qtRUSAm%2FGE%3D
1 < Nel: {"report_to":"heroku-nel","max_age":3600,"success_fraction":0.005,"failure_fraction":0.05,"response_headers":["Via"]}
1 < X-Powered-By: Express
1 < X-Ratelimit-Limit: 1000
1 < X-Ratelimit-Remaining: 999
1 < X-Ratelimit-Reset: 1747158327
1 < Vary: Origin, X-HTTP-Method-Override, Accept-Encoding
1 < Access-Control-Allow-Credentials: true
1 < Cache-Control: no-cache
1 < Pragma: no-cache
1 < Expires: -1
1 < Access-Control-Expose-Headers: Location
1 < Location: https://jsonplaceholder.typicode.com/users/11
1 < X-Content-Type-Options: nosniff
1 < Etag: W/"d8-pYV7+YuMGP2hxHPU9ARrf97ifDA"
1 < Via: 1.1 vegur
1 < Cf-Cache-Status: DYNAMIC
1 < alt-svc: h3=":443"; ma=86400
1 < server-timing: cfL4;desc="?proto=TCP&rtt=52500&min_rtt=51302&rtt_var=16333&sent=8&recv=8&lost=0&retrans=1&sent_bytes=3766&recv_bytes=1006&delivery_rate=3882&cwnd=229&unsent_bytes=0&cid=bbaccfc92df040d3&ts=516&x=0"
{
  "name": "Test User",
  "username": "testuser",
  "email": "test@user.com",
  "address": {
    "street": "Has No Name",
    "suite": "Apt. 123",
    "city": "Electri",
    "zipcode": "54321-6789"
  },
  "id": 11
}

13:45:06.341 [pool-2-thread-5] INFO  com.intuit.karate - [print] created id is:  11 
13:45:06.533 [pool-2-thread-3] DEBUG com.intuit.karate - response time in milliseconds: 636
1 < 404
1 < Date: Tue, 13 May 2025 17:45:06 GMT
1 < Content-Type: application/json
1 < Transfer-Encoding: chunked
1 < Connection: keep-alive
1 < Access-Control-Allow-Origin: *
1 < Access-Control-Allow-Methods: GET, POST, DELETE, PUT
1 < Access-Control-Allow-Headers: Content-Type, api_key, Authorization
1 < Server: Jetty(9.2.9.v20150224)
{"code":1,"type":"error","message":"Pet not found"}

13:45:06.544 [pool-2-thread-3] ERROR com.intuit.karate - classpath:examples/PetStore/get_pet.feature:10
Then status 200
status code was: 404, expected: 200, response time in milliseconds: 636, url: https://petstore.swagger.io/v2/pet/10, response: 
{"code":1,"type":"error","message":"Pet not found"}
classpath:examples/PetStore/get_pet.feature:10
13:45:06.545 [pool-2-thread-3] ERROR com.intuit.karate - classpath:examples/PetStore/full_flow.feature:7
* call read('get_pet.feature')
status code was: 404, expected: 200, response time in milliseconds: 636, url: https://petstore.swagger.io/v2/pet/10, response: 
{"code":1,"type":"error","message":"Pet not found"}
classpath:examples/PetStore/get_pet.feature:10
classpath:examples/PetStore/full_flow.feature:7
---------------------------------------------------------
feature: classpath:examples/PetStore/full_flow.feature
scenarios:  1 | passed:  0 | failed:  1 | time: 2.3157
---------------------------------------------------------

13:45:06.615 [pool-3-thread-1] INFO  com.intuit.karate.Suite - <<fail>> feature 3 of 6 (3 remaining) classpath:examples/PetStore/full_flow.feature
---------------------------------------------------------
feature: classpath:examples/PetStore/get_pet.feature
scenarios:  1 | passed:  0 | failed:  1 | time: 1.2445
---------------------------------------------------------

13:45:06.632 [pool-3-thread-1] INFO  com.intuit.karate.Suite - <<fail>> feature 4 of 6 (2 remaining) classpath:examples/PetStore/get_pet.feature
---------------------------------------------------------
feature: classpath:examples/PetStore/set_pet.feature
scenarios:  1 | passed:  1 | failed:  0 | time: 1.4085
---------------------------------------------------------

13:45:06.646 [pool-3-thread-1] INFO  com.intuit.karate.Suite - <<pass>> feature 5 of 6 (1 remaining) classpath:examples/PetStore/set_pet.feature
---------------------------------------------------------
feature: classpath:examples/users/users.feature
scenarios:  2 | passed:  2 | failed:  0 | time: 1.5179
---------------------------------------------------------

13:45:06.666 [pool-3-thread-1] INFO  com.intuit.karate.Suite - <<pass>> feature 6 of 6 (0 remaining) classpath:examples/users/users.feature
Karate version: 1.5.0
======================================================
elapsed:   3.13 | threads:    5 | thread time: 9.60 
features:     6 | skipped:    0 | efficiency: 0.61
scenarios:    7 | passed:     5 | failed: 2
======================================================
>>> failed features:
status code was: 404, expected: 200, response time in milliseconds: 636, url: https://petstore.swagger.io/v2/pet/10, response: 
{"code":1,"type":"error","message":"Pet not found"}
classpath:examples/PetStore/get_pet.feature:10
classpath:examples/PetStore/full_flow.feature:7
match failed: EQUALS
  $ | not equal (STRING:STRING)
  'doggie'
  'Zeus'

classpath:examples/PetStore/get_pet.feature:12
<<<

HTML report: (paste into browser to view) | Karate version: 1.5.0
file:///Users/josue/Documents/QA/KarateProject/myproject/target/karate-reports/karate-summary.html
===================================================================

13:45:06.766 [main] INFO  n.m.cucumber.ReportParser - File '/Users/josue/Documents/QA/KarateProject/myproject/target/karate-reports/examples.PetStore.set_pet.json' contains 1 feature(s)
13:45:06.767 [main] INFO  n.m.cucumber.ReportParser - File '/Users/josue/Documents/QA/KarateProject/myproject/target/karate-reports/examples.PetStore.create_pet.json' contains 1 feature(s)
13:45:06.767 [main] INFO  n.m.cucumber.ReportParser - File '/Users/josue/Documents/QA/KarateProject/myproject/target/karate-reports/examples.PetStore.delete_pet.json' contains 1 feature(s)
13:45:06.768 [main] INFO  n.m.cucumber.ReportParser - File '/Users/josue/Documents/QA/KarateProject/myproject/target/karate-reports/examples.PetStore.get_pet.json' contains 1 feature(s)
13:45:06.769 [main] INFO  n.m.cucumber.ReportParser - File '/Users/josue/Documents/QA/KarateProject/myproject/target/karate-reports/examples.users.users.json' contains 1 feature(s)
13:45:06.769 [main] INFO  n.m.cucumber.ReportParser - File '/Users/josue/Documents/QA/KarateProject/myproject/target/karate-reports/examples.PetStore.full_flow.json' contains 1 feature(s)
]]></system-out>
  </testcase>
</testsuite>